10/09/2022 16-56-34 ERROR Logger:26 - For input string: "tftf"
10/09/2022 16-58-27 ERROR Logger:26 - For input string: "nothinh"
2022-09-10 22:40:15 INFO  Logger:17 - A flight removed.
10/09/2022 23-24-24 ERROR Logger:26 - 
2022-09-10 23:24:24 INFO  Logger:17 - A booking saved or updated to the database.
2022-09-10 23:24:49 INFO  Logger:17 - A booking saved or updated to the database.
2022-09-10 23:28:12 INFO  Logger:17 - A booking saved or updated to the database.
2022-09-10 23:35:59 INFO  Logger:17 - A booking saved or updated to the database.
2022-09-10 23:35:59 INFO  Logger:17 - A booking saved or updated to the database.
2022-09-10 23:35:59 INFO  Logger:17 - A booking saved or updated to the database.
2022-09-10 23:39:22 INFO  Logger:17 - A booking saved or updated to the database.
2022-09-10 23:39:22 INFO  Logger:17 - A booking saved or updated to the database.
2022-09-10 23:39:22 INFO  Logger:17 - A booking saved or updated to the database.
10/09/2022 23-40-37 ERROR Logger:26 - 
2022-09-10 23:40:38 INFO  Logger:17 - A booking saved or updated to the database.
2022-09-10 23:40:38 INFO  Logger:17 - A booking saved or updated to the database.
2022-09-10 23:40:38 INFO  Logger:17 - A booking saved or updated to the database.
2022-09-10 23:43:21 INFO  Logger:17 - A booking saved or updated to the database.
2022-09-10 23:43:21 INFO  Logger:17 - A booking saved or updated to the database.
2022-09-10 23:43:44 INFO  Logger:17 - A booking saved or updated to the database.
2022-09-10 23:43:49 INFO  Logger:17 - A booking saved or updated to the database.
2022-09-10 23:43:49 INFO  Logger:17 - A booking saved or updated to the database.
2022-09-10 23:44:04 INFO  Logger:17 - A booking saved or updated to the database.
2022-09-10 23:44:04 INFO  Logger:17 - A booking saved or updated to the database.
2022-09-10 23:44:04 INFO  Logger:17 - A booking saved or updated to the database.
2022-09-10 23:44:11 INFO  Logger:17 - A booking saved or updated to the database.
2022-09-10 23:44:11 INFO  Logger:17 - A booking saved or updated to the database.
2022-09-10 23:44:30 INFO  Logger:17 - A booking saved or updated to the database.
2022-09-10 23:44:30 INFO  Logger:17 - A booking saved or updated to the database.
2022-09-10 23:44:30 INFO  Logger:17 - A booking saved or updated to the database.
2022-09-10 23:44:34 INFO  Logger:17 - A booking saved or updated to the database.
2022-09-10 23:44:35 INFO  Logger:17 - A booking saved or updated to the database.
2022-09-10 23:44:35 INFO  Logger:17 - A booking saved or updated to the database.
2022-09-10 23:44:38 INFO  Logger:17 - A booking saved or updated to the database.
2022-09-10 23:44:38 INFO  Logger:17 - A booking saved or updated to the database.
2022-09-10 23:44:38 INFO  Logger:17 - A booking saved or updated to the database.
2022-09-10 23:44:41 INFO  Logger:17 - A booking saved or updated to the database.
2022-09-10 23:44:41 INFO  Logger:17 - A booking saved or updated to the database.
2022-09-10 23:44:41 INFO  Logger:17 - A booking saved or updated to the database.
2022-09-10 23:44:50 INFO  Logger:17 - A booking saved or updated to the database.
2022-09-10 23:44:50 INFO  Logger:17 - A booking saved or updated to the database.
2022-09-10 23:44:57 INFO  Logger:17 - A booking saved or updated to the database.
2022-09-10 23:44:57 INFO  Logger:17 - A booking saved or updated to the database.
2022-09-10 23:44:57 INFO  Logger:17 - A booking saved or updated to the database.
2022-09-10 23:45:02 INFO  Logger:17 - A booking saved or updated to the database.
2022-09-10 23:45:02 INFO  Logger:17 - A booking saved or updated to the database.
2022-09-10 23:45:17 INFO  Logger:17 - A booking saved or updated to the database.
2022-09-10 23:45:17 INFO  Logger:17 - A booking saved or updated to the database.
2022-09-10 23:49:35 INFO  Logger:17 - A booking saved or updated to the database.
2022-09-10 23:49:35 INFO  Logger:17 - A booking saved or updated to the database.
2022-09-10 23:49:35 INFO  Logger:17 - A booking saved or updated to the database.
2022-09-10 23:50:08 INFO  Logger:17 - A booking saved or updated to the database.
2022-09-10 23:50:08 INFO  Logger:17 - A booking saved or updated to the database.
2022-09-10 23:50:08 INFO  Logger:17 - A booking saved or updated to the database.
2022-09-10 23:51:29 INFO  Logger:17 - A booking saved or updated to the database.
2022-09-10 23:51:29 INFO  Logger:17 - A booking saved or updated to the database.
2022-09-11 00:13:20 INFO  Logger:17 - A booking saved or updated to the database.
2022-09-11 00:13:20 INFO  Logger:17 - A booking saved or updated to the database.
2022-09-11 00:13:20 INFO  Logger:17 - A booking saved or updated to the database.
2022-09-11 00:15:11 INFO  Logger:17 - A booking saved or updated to the database.
2022-09-11 00:15:11 INFO  Logger:17 - A booking saved or updated to the database.
2022-09-11 00:15:11 INFO  Logger:17 - A booking saved or updated to the database.
11/09/2022 00-15-25 ERROR Logger:26 - 
2022-09-11 00:15:25 INFO  Logger:17 - A booking saved or updated to the database.
2022-09-11 00:15:25 INFO  Logger:17 - A booking saved or updated to the database.
2022-09-11 00:15:25 INFO  Logger:17 - A booking saved or updated to the database.
2022-09-11 00:15:53 INFO  Logger:17 - A booking saved or updated to the database.
2022-09-11 00:15:53 INFO  Logger:17 - A booking saved or updated to the database.
2022-09-11 00:15:53 INFO  Logger:17 - A booking saved or updated to the database.
11/09/2022 00-16-41 ERROR Logger:26 - 
2022-09-11 00:16:41 INFO  Logger:17 - A booking saved or updated to the database.
2022-09-11 00:16:41 INFO  Logger:17 - A booking saved or updated to the database.
2022-09-11 00:16:41 INFO  Logger:17 - A booking saved or updated to the database.
2022-09-11 00:17:23 INFO  Logger:17 - A booking saved or updated to the database.
2022-09-11 00:17:23 INFO  Logger:17 - A booking saved or updated to the database.
2022-09-11 00:17:23 INFO  Logger:17 - A booking saved or updated to the database.
2022-09-11 00:17:47 INFO  Logger:17 - A booking saved or updated to the database.
2022-09-11 00:17:47 INFO  Logger:17 - A booking saved or updated to the database.
2022-09-11 00:17:47 INFO  Logger:17 - A booking saved or updated to the database.
2022-09-11 00:18:14 INFO  Logger:17 - A booking saved or updated to the database.
2022-09-11 00:18:14 INFO  Logger:17 - A booking saved or updated to the database.
2022-09-11 00:18:14 INFO  Logger:17 - A booking saved or updated to the database.
2022-09-11 00:21:16 INFO  Logger:17 - A booking saved or updated to the database.
2022-09-11 00:21:16 INFO  Logger:17 - A booking saved or updated to the database.
2022-09-11 00:21:16 INFO  Logger:17 - A booking removed from the database.
2022-09-11 00:21:16 INFO  Logger:17 - A booking saved or updated to the database.
2022-09-11 00:21:16 INFO  Logger:17 - A booking saved or updated to the database.
2022-09-11 00:21:16 INFO  Logger:17 - A booking saved or updated to the database.
2022-09-11 00:23:07 INFO  Logger:17 - A booking saved or updated to the database.
2022-09-11 00:23:07 INFO  Logger:17 - A booking saved or updated to the database.
2022-09-11 00:23:07 INFO  Logger:17 - A booking removed from the database.
2022-09-11 00:23:07 INFO  Logger:17 - A booking saved or updated to the database.
2022-09-11 00:23:07 INFO  Logger:17 - A booking saved or updated to the database.
2022-09-11 00:23:07 INFO  Logger:17 - A booking saved or updated to the database.
2022-09-11 00:23:07 INFO  Logger:17 - A booking saved or updated to the database.
11/09/2022 00-52-05 ERROR Logger:26 - 
2022-09-11 00:52:05 INFO  Logger:17 - A flight saved or updated to the database.
2022-09-11 00:52:05 INFO  Logger:17 - A flight removed.
2022-09-11 00:52:05 INFO  Logger:17 - A flight saved or updated to the database.
2022-09-11 00:52:05 INFO  Logger:17 - A list of flights saved to the database.
2022-09-11 00:52:05 INFO  Logger:17 - A list of flights saved to the database.
11/09/2022 01-01-22 ERROR Logger:26 - 
2022-09-11 01:01:22 INFO  Logger:17 - A user saved to the database.
2022-09-11 01:01:22 INFO  Logger:17 - A user saved to the database.
2022-09-11 01:01:22 INFO  Logger:17 - A user saved to the database.
2022-09-11 01:01:22 INFO  Logger:17 - A user saved to the database.
2022-09-11 01:01:22 INFO  Logger:17 - A user saved to the database.
2022-09-11 01:01:47 INFO  Logger:17 - A user saved to the database.
2022-09-11 01:01:47 INFO  Logger:17 - A user saved to the database.
2022-09-11 01:01:47 INFO  Logger:17 - A user saved to the database.
2022-09-11 01:01:47 INFO  Logger:17 - A user saved to the database.
2022-09-11 01:01:47 INFO  Logger:17 - A user saved to the database.
2022-09-11 01:20:47 INFO  Logger:17 - A user saved to the database.
2022-09-11 01:20:47 INFO  Logger:17 - A user saved to the database.
2022-09-11 01:20:47 INFO  Logger:17 - A user saved to the database.
2022-09-11 01:20:47 INFO  Logger:17 - A user saved to the database.
2022-09-11 01:20:47 INFO  Logger:17 - A user saved to the database.
2022-09-11 01:20:56 INFO  Logger:17 - A flight removed.
11/09/2022 01-21-01 ERROR Logger:26 - Non-existent menu item
2022-09-11 01:21:41 INFO  Logger:17 - A booking saved or updated to the database.
2022-09-11 01:21:41 INFO  Logger:17 - A booking saved or updated to the database.
2022-09-11 01:21:41 INFO  Logger:17 - A booking removed from the database.
2022-09-11 01:21:41 INFO  Logger:17 - A booking saved or updated to the database.
2022-09-11 01:21:41 INFO  Logger:17 - A booking saved or updated to the database.
2022-09-11 01:21:41 INFO  Logger:17 - A booking saved or updated to the database.
2022-09-11 01:21:41 INFO  Logger:17 - A booking saved or updated to the database.
2022-09-11 01:21:47 INFO  Logger:17 - A flight saved or updated to the database.
2022-09-11 01:21:47 INFO  Logger:17 - A flight removed.
2022-09-11 01:21:47 INFO  Logger:17 - A flight saved or updated to the database.
2022-09-11 01:21:47 INFO  Logger:17 - A list of flights saved to the database.
2022-09-11 01:21:47 INFO  Logger:17 - A list of flights saved to the database.
2022-09-11 01:21:51 INFO  Logger:17 - A user saved to the database.
2022-09-11 01:21:51 INFO  Logger:17 - A user saved to the database.
2022-09-11 01:21:51 INFO  Logger:17 - A user saved to the database.
2022-09-11 01:21:51 INFO  Logger:17 - A user saved to the database.
2022-09-11 01:21:51 INFO  Logger:17 - A user saved to the database.
